
--------------------2023-10-31T11:56:25.081+01:00--------------------
Die CSV-Datei wird gesucht...
Die CSV-Datei ist vorhanden.
Connected to the SQL Server database
AICoM_F100.1694095674285.5_1_1;1694092927390;40000;1;-1.0; wurde in DB geschrieben.
AICoM_F100.1694095674285.5_1_1;1694095899286;39999;1;0.018912673;Signal:ZActTrq wurde in DB geschrieben.

--------------------2023-10-31T13:54:20.703+01:00--------------------
Die CSV-Datei wird gesucht...
Die CSV-Datei ist vorhanden.
Connected to the SQL Server database

--------------------2023-10-31T13:56:07.172+01:00--------------------
Die CSV-Datei wird gesucht...
Die CSV-Datei ist vorhanden.
Connected to the SQL Server database
No data in CSV file.

--------------------2023-10-31T13:57:13.498+01:00--------------------
Die CSV-Datei wird gesucht...
Die CSV-Datei ist vorhanden.
Connected to the SQL Server database
AICoM_F100.1694095674285.5_1_1;1694092927390;40000;1;-1.0; wurde in DB geschrieben.
AICoM_F100.1694095674285.5_1_1;1694095899286;39999;1;0.018912673;Signal:ZActTrq wurde in DB geschrieben.
Die Datei wurde verschoben!
------------------------------ENDE------------------------------------

--------------------2023-11-09T13:56:40.583+01:00--------------------
Die CSV-Datei wird gesucht...
Die CSV-Datei wurde nicht gefunden. Bitte pr端fen Sie, ob der Dateipfad in config.ini g端ltig ist.
------------------------------ENDE------------------------------------

--------------------2023-11-09T14:18:16.790+01:00--------------------
Die CSV-Datei wird gesucht...
Die CSV-Datei wurde nicht gefunden. Bitte pr端fen Sie, ob der Dateipfad in config.ini g端ltig ist.
------------------------------ENDE------------------------------------

--------------------2023-11-09T14:19:33.168+01:00--------------------
Die CSV-Datei wird gesucht...
Die CSV-Datei ist vorhanden.
Connected to the SQL Server database
AICoM_F100.1694095674285.5_1_1;1694092927390;40000;1;-1.0; wurde in DB geschrieben.
AICoM_F100.1694095674285.5_1_1;1694095899286;39999;1;0.018912673;Signal:ZActTrq wurde in DB geschrieben.

--------------------2023-11-09T16:34:19.275+01:00--------------------
Die CSV-Datei wird gesucht...
Die CSV-Datei ist vorhanden.

--------------------2023-11-09T16:34:41.883+01:00--------------------
Die CSV-Datei wird gesucht...
Die CSV-Datei ist vorhanden.
Connected to the SQL Server database

--------------------2023-11-09T16:36:31.719+01:00--------------------
Die CSV-Datei wird gesucht...
Die CSV-Datei ist vorhanden.
Connected to the SQL Server database
AICoM_F100.1694095674285.5_1_1;1694092927390;40000;1;-1.0; wurde in DB geschrieben.
AICoM_F100.1694095674285.5_1_1;1694095899286;39999;1;0.018912673;Signal:ZActTrq wurde in DB geschrieben.

--------------------2023-11-09T16:40:31.071+01:00--------------------
Die CSV-Datei wird gesucht...
Die CSV-Datei ist vorhanden.
Connected to the SQL Server database
AICoM_F100.1694095674285.5_1_1;1694092927390;40000;1;-1.0; wurde in DB geschrieben.
AICoM_F100.1694095674285.5_1_1;1694095899286;39999;1;0.018912673;Signal:ZActTrq wurde in DB geschrieben.

--------------------2023-11-09T16:42:11.124+01:00--------------------
Die CSV-Datei wird gesucht...
Die CSV-Datei ist vorhanden.
Connected to the SQL Server database
AICoM_F100.1694095674285.5_1_1;1694092927390;40000;1;-1.0; wurde in DB geschrieben.
AICoM_F100.1694095674285.5_1_1;1694095899286;39999;1;0.018912673;Signal:ZActTrq wurde in DB geschrieben.

--------------------2023-11-09T16:44:40.584+01:00--------------------
Die CSV-Datei wird gesucht...
Die CSV-Datei ist vorhanden.
Connected to the SQL Server database
AICoM_F100.1694095674285.5_1_1;1694092927390;40000;1;-1.0; wurde in DB geschrieben.
AICoM_F100.1694095674285.5_1_1;1694095899286;39999;1;0.018912673;Signal:ZActTrq wurde in DB geschrieben.

--------------------2023-11-09T16:45:25.860+01:00--------------------
Die CSV-Datei wird gesucht...
Die CSV-Datei ist vorhanden.
Connected to the SQL Server database
AICoM_F100.1694095674285.5_1_1;1694092927390;40000;1;-1.0; wurde in DB geschrieben.
AICoM_F100.1694095674285.5_1_1;1694095899286;39999;1;0.018912673;Signal:ZActTrq wurde in DB geschrieben.

--------------------2023-11-09T16:46:18.086+01:00--------------------
Die CSV-Datei wird gesucht...
Die CSV-Datei ist vorhanden.
Connected to the SQL Server database
AICoM_F100.1694095674285.5_1_1;1694092927390;40000;1;-1.0; wurde in DB geschrieben.
AICoM_F100.1694095674285.5_1_1;1694095899286;39999;1;0.018912673;Signal:ZActTrq wurde in DB geschrieben.

--------------------2023-11-09T16:47:53.256+01:00--------------------
Die CSV-Datei wird gesucht...
Die CSV-Datei ist vorhanden.
Connected to the SQL Server database
AICoM_F100.1694095674285.5_1_1;1694092927390;40000;1;-1.0; wurde in DB geschrieben.
AICoM_F100.1694095674285.5_1_1;1694095899286;39999;1;0.018912673;Signal:ZActTrq wurde in DB geschrieben.

--------------------2023-11-10T09:59:23.268+01:00--------------------
Die CSV-Datei wird gesucht...
Die CSV-Datei ist vorhanden.
Connected to the SQL Server database
AICoM_F100.1694095674285.5_1_1;1694092927390;40000;1;-1.0; wurde in DB geschrieben.
AICoM_F100.1694095674285.5_1_1;1694095899286;39999;1;0.018912673;Signal:ZActTrq wurde in DB geschrieben.

--------------------2023-11-10T10:00:05.391+01:00--------------------
Die CSV-Datei wird gesucht...
Die CSV-Datei ist vorhanden.
Connected to the SQL Server database
AICoM_F100.1694095674285.5_1_1;1694092927390;40000;1;-1.0; wurde in DB geschrieben.
AICoM_F100.1694095674285.5_1_1;1694095899286;39999;1;0.018912673;Signal:ZActTrq wurde in DB geschrieben.

--------------------2023-11-10T10:06:37.686+01:00--------------------
Die CSV-Datei wird gesucht...
Die CSV-Datei ist vorhanden.
Connected to the SQL Server database
AICoM_F100.1694095674285.5_1_1;1694092927390;40000;1;-1.0; wurde in DB geschrieben.
AICoM_F100.1694095674285.5_1_1;1694095899286;39999;1;0.018912673;Signal:ZActTrq wurde in DB geschrieben.

--------------------2023-11-10T10:13:23.020+01:00--------------------
Die CSV-Datei wird gesucht...
Die CSV-Datei ist vorhanden.
Connected to the SQL Server database
AICoM_F100.1694095674285.5_1_1;1694092927390;40000;1;-1.0; wurde in DB geschrieben.
AICoM_F100.1694095674285.5_1_1;1694095899286;39999;1;0.018912673;Signal:ZActTrq wurde in DB geschrieben.

--------------------2023-11-10T10:14:11.114+01:00--------------------
Die CSV-Datei wird gesucht...
Die CSV-Datei ist vorhanden.
Connected to the SQL Server database
AICoM_F100.1694095674285.5_1_1;1694092927390;40000;1;-1.0; wurde in DB geschrieben.
AICoM_F100.1694095674285.5_1_1;1694095899286;39999;1;0.018912673;Signal:ZActTrq wurde in DB geschrieben.

--------------------2023-11-10T10:18:14.928+01:00--------------------
Die CSV-Datei wird gesucht...
Die CSV-Datei ist vorhanden.
Connected to the SQL Server database
AICoM_F100.1694095674285.5_1_1;1694092927390;40000;1;-1.0; wurde in DB geschrieben.
AICoM_F100.1694095674285.5_1_1;1694095899286;39999;1;0.018912673;Signal:ZActTrq wurde in DB geschrieben.

--------------------2023-11-10T10:20:43.192+01:00--------------------
Die CSV-Datei wird gesucht...
Die CSV-Datei ist vorhanden.
Connected to the SQL Server database
AICoM_F100.1694095674285.5_1_1;1694092927390;40000;1;-1.0; wurde in DB geschrieben.
AICoM_F100.1694095674285.5_1_1;1694095899286;39999;1;0.018912673;Signal:ZActTrq wurde in DB geschrieben.

--------------------2023-11-10T10:21:27.509+01:00--------------------
Die CSV-Datei wird gesucht...
Die CSV-Datei ist vorhanden.
Connected to the SQL Server database
AICoM_F100.1694095674285.5_1_1;1694092927390;40000;1;-1.0; wurde in DB geschrieben.
AICoM_F100.1694095674285.5_1_1;1694095899286;39999;1;0.018912673;Signal:ZActTrq wurde in DB geschrieben.

--------------------2023-11-10T10:29:42.317+01:00--------------------
Die CSV-Datei wird gesucht...
Die CSV-Datei ist vorhanden.
Connected to the SQL Server database
AICoM_F100.1694095674285.5_1_1;1694092927390;40000;1;-1.0; wurde in DB geschrieben.
AICoM_F100.1694095674285.5_1_1;1694095899286;39999;1;0.018912673;Signal:ZActTrq wurde in DB geschrieben.

--------------------2023-11-10T10:31:25.136+01:00--------------------
Die CSV-Datei wird gesucht...
Die CSV-Datei ist vorhanden.
Connected to the SQL Server database
AICoM_F100.1694095674285.5_1_1;1694092927390;40000;1;-1.0; wurde in DB geschrieben.
AICoM_F100.1694095674285.5_1_1;1694095899286;39999;1;0.018912673;Signal:ZActTrq wurde in DB geschrieben.

--------------------2023-11-10T10:32:30.712+01:00--------------------
Die CSV-Datei wird gesucht...
Die CSV-Datei ist vorhanden.
Connected to the SQL Server database
AICoM_F100.1694095674285.5_1_1;1694092927390;40000;1;-1.0; wurde in DB geschrieben.
AICoM_F100.1694095674285.5_1_1;1694095899286;39999;1;0.018912673;Signal:ZActTrq wurde in DB geschrieben.

--------------------2023-11-10T10:36:25.670+01:00--------------------
Die CSV-Datei wird gesucht...
Die CSV-Datei ist vorhanden.
Connected to the SQL Server database
AICoM_F100.1694095674285.5_1_1;1694092927390;40000;1;-1.0; wurde in DB geschrieben.
AICoM_F100.1694095674285.5_1_1;1694095899286;39999;1;0.018912673;Signal:ZActTrq wurde in DB geschrieben.

--------------------2023-11-10T10:38:49.112+01:00--------------------
Die CSV-Datei wird gesucht...
Die CSV-Datei ist vorhanden.
Connected to the SQL Server database
AICoM_F100.1694095674285.5_1_1;1694092927390;40000;1;-1.0; wurde in DB geschrieben.
AICoM_F100.1694095674285.5_1_1;1694095899286;39999;1;0.018912673;Signal:ZActTrq wurde in DB geschrieben.

--------------------2023-11-10T11:01:58.847+01:00--------------------
Die CSV-Datei wird gesucht...
Die CSV-Datei ist vorhanden.
Connected to the SQL Server database
AICoM_F100.1694095674285.5_1_1;1694092927390;40000;1;-1.0; wurde in DB geschrieben.
AICoM_F100.1694095674285.5_1_1;1694095899286;39999;1;0.018912673;Signal:ZActTrq wurde in DB geschrieben.

--------------------2023-11-10T11:02:50.014+01:00--------------------
Die CSV-Datei wird gesucht...
Die CSV-Datei ist vorhanden.
Connected to the SQL Server database
AICoM_F100.1694095674285.5_1_1;1694092927390;40000;1;-1.0; wurde in DB geschrieben.
AICoM_F100.1694095674285.5_1_1;1694095899286;39999;1;0.018912673;Signal:ZActTrq wurde in DB geschrieben.

--------------------2023-11-10T11:03:30.346+01:00--------------------
Die CSV-Datei wird gesucht...
Die CSV-Datei ist vorhanden.
Connected to the SQL Server database
AICoM_F100.1694095674285.5_1_1;1694092927390;40000;1;-1.0; wurde in DB geschrieben.
AICoM_F100.1694095674285.5_1_1;1694095899286;39999;1;0.018912673;Signal:ZActTrq wurde in DB geschrieben.

--------------------2023-11-10T11:04:12.933+01:00--------------------
Die CSV-Datei wird gesucht...
Die CSV-Datei ist vorhanden.
Connected to the SQL Server database
AICoM_F100.1694095674285.5_1_1;1694092927390;40000;1;-1.0; wurde in DB geschrieben.
AICoM_F100.1694095674285.5_1_1;1694095899286;39999;1;0.018912673;Signal:ZActTrq wurde in DB geschrieben.

--------------------2023-11-10T11:04:53.046+01:00--------------------
Die CSV-Datei wird gesucht...
Die CSV-Datei ist vorhanden.
Connected to the SQL Server database
AICoM_F100.1694095674285.5_1_1;1694092927390;40000;1;-1.0; wurde in DB geschrieben.
AICoM_F100.1694095674285.5_1_1;1694095899286;39999;1;0.018912673;Signal:ZActTrq wurde in DB geschrieben.

--------------------2023-11-10T11:08:09.501+01:00--------------------
Die CSV-Datei wird gesucht...
Die CSV-Datei ist vorhanden.
Connected to the SQL Server database
AICoM_F100.1694095674285.5_1_1;1694092927390;40000;1;-1.0; wurde in DB geschrieben.
AICoM_F100.1694095674285.5_1_1;1694095899286;39999;1;0.018912673;Signal:ZActTrq wurde in DB geschrieben.

--------------------2023-11-10T11:08:49.159+01:00--------------------
Die CSV-Datei wird gesucht...
Die CSV-Datei ist vorhanden.
Connected to the SQL Server database
AICoM_F100.1694095674285.5_1_1;1694092927390;40000;1;-1.0; wurde in DB geschrieben.
AICoM_F100.1694095674285.5_1_1;1694095899286;39999;1;0.018912673;Signal:ZActTrq wurde in DB geschrieben.

--------------------2023-11-10T11:22:43.909+01:00--------------------
Die CSV-Datei wird gesucht...
Die CSV-Datei ist vorhanden.
Connected to the SQL Server database
AICoM_F100.1694095674285.5_1_1;1694092927390;40000;1;-1.0; wurde in DB geschrieben.
AICoM_F100.1694095674285.5_1_1;1694095899286;39999;1;0.018912673;Signal:ZActTrq wurde in DB geschrieben.

--------------------2023-11-10T11:25:53.377+01:00--------------------
Die CSV-Datei wird gesucht...
Die CSV-Datei ist vorhanden.
Connected to the SQL Server database
AICoM_F100.1694095674285.5_1_1;1694092927390;40000;1;-1.0; wurde in DB geschrieben.
AICoM_F100.1694095674285.5_1_1;1694095899286;39999;1;0.018912673;Signal:ZActTrq wurde in DB geschrieben.

--------------------2023-11-10T11:26:47.456+01:00--------------------
Die CSV-Datei wird gesucht...
Die CSV-Datei ist vorhanden.
Connected to the SQL Server database
AICoM_F100.1694095674285.5_1_1;1694092927390;40000;1;-1.0; wurde in DB geschrieben.
AICoM_F100.1694095674285.5_1_1;1694095899286;39999;1;0.018912673;Signal:ZActTrq wurde in DB geschrieben.

--------------------2023-11-10T11:28:26.116+01:00--------------------
Die CSV-Datei wird gesucht...
Die CSV-Datei ist vorhanden.
Connected to the SQL Server database
AICoM_F100.1694095674285.5_1_1;1694092927390;40000;1;-1.0; wurde in DB geschrieben.
AICoM_F100.1694095674285.5_1_1;1694095899286;39999;1;0.018912673;Signal:ZActTrq wurde in DB geschrieben.

--------------------2023-11-10T11:29:05.543+01:00--------------------
Die CSV-Datei wird gesucht...
Die CSV-Datei ist vorhanden.
Connected to the SQL Server database
AICoM_F100.1694095674285.5_1_1;1694092927390;40000;1;-1.0; wurde in DB geschrieben.
AICoM_F100.1694095674285.5_1_1;1694095899286;39999;1;0.018912673;Signal:ZActTrq wurde in DB geschrieben.

--------------------2023-11-10T11:30:06.748+01:00--------------------
Die CSV-Datei wird gesucht...
Die CSV-Datei ist vorhanden.
Connected to the SQL Server database
AICoM_F100.1694095674285.5_1_1;1694092927390;40000;1;-1.0; wurde in DB geschrieben.
AICoM_F100.1694095674285.5_1_1;1694095899286;39999;1;0.018912673;Signal:ZActTrq wurde in DB geschrieben.

--------------------2023-11-10T11:31:10.947+01:00--------------------
Die CSV-Datei wird gesucht...
Die CSV-Datei ist vorhanden.
Connected to the SQL Server database
AICoM_F100.1694095674285.5_1_1;1694092927390;40000;1;-1.0; wurde in DB geschrieben.
AICoM_F100.1694095674285.5_1_1;1694095899286;39999;1;0.018912673;Signal:ZActTrq wurde in DB geschrieben.

--------------------2023-11-10T11:33:14.747+01:00--------------------
Die CSV-Datei wird gesucht...
Die CSV-Datei ist vorhanden.
Connected to the SQL Server database
No data in CSV file.

--------------------2023-11-10T11:35:18.518+01:00--------------------
Die CSV-Datei wird gesucht...
Die CSV-Datei ist vorhanden.
Connected to the SQL Server database
The CSV file is either empty or the data already exists in the database.

--------------------2023-11-10T11:35:59.493+01:00--------------------
Die CSV-Datei wird gesucht...
Die CSV-Datei ist vorhanden.
Connected to the SQL Server database
AICoM_F100.1694095674285.5_1_1;1694092927390;40000;1;-1.0; wurde in DB geschrieben.
AICoM_F100.1694095674285.5_1_1;1694095899286;39999;1;0.018912673;Signal:ZActTrq wurde in DB geschrieben.

--------------------2023-11-10T14:15:55.623+01:00--------------------
Die CSV-Datei wird gesucht...
Die CSV-Datei ist vorhanden.
Connected to the SQL Server database
The CSV file is either empty or the data already exists in the database.

--------------------2023-11-20T16:19:35.674+01:00--------------------
Die CSV-Datei wird gesucht...
Die CSV-Datei ist vorhanden.
Connected to the SQL Server database
The CSV file is either empty or the data already exists in the database.

--------------------2023-11-20T16:20:22.414+01:00--------------------
Die CSV-Datei wird gesucht...
Die CSV-Datei ist vorhanden.
Connected to the SQL Server database
The CSV file is either empty or the data already exists in the database.

--------------------2023-11-20T16:56:45.500+01:00--------------------
Die CSV-Datei wird gesucht...
Die CSV-Datei ist vorhanden.
Connected to the SQL Server database
The CSV file is either empty or the data already exists in the database.

--------------------2023-11-20T17:09:42.439+01:00--------------------
Die CSV-Datei wird gesucht...
Die CSV-Datei ist vorhanden.
Connected to the SQL Server database
The CSV file is either empty or the data already exists in the database.

--------------------2023-11-20T17:11:12.463+01:00--------------------
Die CSV-Datei wird gesucht...
Die CSV-Datei ist vorhanden.
Connected to the SQL Server database
The CSV file is either empty or the data already exists in the database.

--------------------2023-11-20T17:11:49.628+01:00--------------------
Die CSV-Datei wird gesucht...
Die CSV-Datei ist vorhanden.
Connected to the SQL Server database
The CSV file is either empty or the data already exists in the database.

--------------------2023-11-20T17:13:09.067+01:00--------------------
Die CSV-Datei wird gesucht...
Die CSV-Datei ist vorhanden.
Connected to the SQL Server database
The CSV file is either empty or the data already exists in the database.

--------------------2023-11-20T17:17:49.890+01:00--------------------
Die CSV-Datei wird gesucht...
Die CSV-Datei ist vorhanden.
Connected to the SQL Server database
The CSV file is either empty or the data already exists in the database.

--------------------2023-11-20T17:18:22.658+01:00--------------------
Die CSV-Datei wird gesucht...
Die CSV-Datei ist vorhanden.
Connected to the SQL Server database
The CSV file is either empty or the data already exists in the database.

--------------------2023-11-20T17:19:55.237+01:00--------------------
Die CSV-Datei wird gesucht...
Die CSV-Datei ist vorhanden.
Connected to the SQL Server database
The CSV file is either empty or the data already exists in the database.

--------------------2023-11-20T17:21:06.258+01:00--------------------
Die CSV-Datei wird gesucht...
Die CSV-Datei ist vorhanden.
Connected to the SQL Server database
The CSV file is either empty or the data already exists in the database.

--------------------2023-11-20T17:21:22.203+01:00--------------------
Die CSV-Datei wird gesucht...
Die CSV-Datei ist vorhanden.
Connected to the SQL Server database
The CSV file is either empty or the data already exists in the database.

--------------------2023-11-20T17:21:55.466+01:00--------------------
Die CSV-Datei wird gesucht...
Die CSV-Datei ist vorhanden.
Connected to the SQL Server database
The CSV file is either empty or the data already exists in the database.

--------------------2023-11-21T07:41:54.904+01:00--------------------
Die CSV-Datei wird gesucht...
Die CSV-Datei ist vorhanden.
Connected to the SQL Server database
The CSV file is either empty or the data already exists in the database.

--------------------2023-11-21T07:53:25.783+01:00--------------------
Die CSV-Datei wird gesucht...
Die CSV-Datei ist vorhanden.
Connected to the SQL Server database
The CSV file is either empty or the data already exists in the database.

--------------------2023-11-21T08:01:00.105+01:00--------------------
Die CSV-Datei wird gesucht...
Die CSV-Datei ist vorhanden.
Connected to the SQL Server database
Error connecting to the SQL Server database

--------------------2023-11-21T08:01:39.460+01:00--------------------
Die CSV-Datei wird gesucht...
Die CSV-Datei ist vorhanden.
Connected to the SQL Server database
The CSV file is either empty or the data already exists in the database.

--------------------2023-11-21T08:01:59.445+01:00--------------------
Die CSV-Datei wird gesucht...
Die CSV-Datei ist vorhanden.
Connected to the SQL Server database
AICoM_F100_1694095674281_5_1_1;1694095899286;35000;1;0.9999999; wurde in DB geschrieben.
AICoM_F100_1694095674282_5_1_1;1694092927390;40000;1;0.9999999; wurde in DB geschrieben.
AICoM_F100_1694095674283_5_1_1;1694095899286;35000;1;0.9999999; wurde in DB geschrieben.
Die Datei wurde verschoben!
------------------------------ENDE------------------------------------

--------------------2023-11-21T08:03:46.352+01:00--------------------
Die CSV-Datei wird gesucht...
Die CSV-Datei ist vorhanden.
Connected to the SQL Server database
The CSV file is either empty or the data already exists in the database.
